16:14:35.124 INFO  org.agmip.ui.aceb2csv.App - Translating file: Survey_data_import-Navrongo_Mz.aceb
16:14:35.129 INFO  org.agmip.ui.aceb2csv.App - Output directory: /Users/weixiong/Development/face-it/weather-plotter
16:14:35.129 INFO  org.agmip.ui.aceb2csv.App - Loading the ACEB file...
16:14:35.482 INFO  org.agmip.ace.AceDataset - wid found - 6e4d1259912ccddf821ab1c813d0cd0a2abc9d6185397f62de3a81af6f4fa637
16:14:35.482 INFO  org.agmip.ace.AceDataset - sid found - c4073c75ea85e59371c5d5db7de157abd6381a6c0a65f9cdcb5502416f6b2341
16:14:35.482 INFO  org.agmip.ace.AceDataset - wid found - 6e4d1259912ccddf821ab1c813d0cd0a2abc9d6185397f62de3a81af6f4fa637
16:14:35.482 INFO  org.agmip.ace.AceDataset - sid found - c4073c75ea85e59371c5d5db7de157abd6381a6c0a65f9cdcb5502416f6b2341
16:14:35.482 INFO  org.agmip.ace.AceDataset - wid found - 6e4d1259912ccddf821ab1c813d0cd0a2abc9d6185397f62de3a81af6f4fa637
16:14:35.482 INFO  org.agmip.ace.AceDataset - sid found - c4073c75ea85e59371c5d5db7de157abd6381a6c0a65f9cdcb5502416f6b2341
16:14:35.482 INFO  org.agmip.ace.AceDataset - wid found - 6e4d1259912ccddf821ab1c813d0cd0a2abc9d6185397f62de3a81af6f4fa637
16:14:35.482 INFO  org.agmip.ace.AceDataset - sid found - c4073c75ea85e59371c5d5db7de157abd6381a6c0a65f9cdcb5502416f6b2341
16:14:35.482 INFO  org.agmip.ace.AceDataset - wid found - 6e4d1259912ccddf821ab1c813d0cd0a2abc9d6185397f62de3a81af6f4fa637
16:14:35.482 INFO  org.agmip.ace.AceDataset - sid found - c4073c75ea85e59371c5d5db7de157abd6381a6c0a65f9cdcb5502416f6b2341
16:14:35.482 INFO  org.agmip.ace.AceDataset - wid found - 6e4d1259912ccddf821ab1c813d0cd0a2abc9d6185397f62de3a81af6f4fa637
16:14:35.482 INFO  org.agmip.ace.AceDataset - sid found - c4073c75ea85e59371c5d5db7de157abd6381a6c0a65f9cdcb5502416f6b2341
16:14:35.482 INFO  org.agmip.ace.AceDataset - wid found - 6e4d1259912ccddf821ab1c813d0cd0a2abc9d6185397f62de3a81af6f4fa637
16:14:35.482 INFO  org.agmip.ace.AceDataset - sid found - c4073c75ea85e59371c5d5db7de157abd6381a6c0a65f9cdcb5502416f6b2341
16:14:35.482 INFO  org.agmip.ace.AceDataset - wid found - 6e4d1259912ccddf821ab1c813d0cd0a2abc9d6185397f62de3a81af6f4fa637
16:14:35.482 INFO  org.agmip.ace.AceDataset - sid found - c4073c75ea85e59371c5d5db7de157abd6381a6c0a65f9cdcb5502416f6b2341
16:14:35.482 INFO  org.agmip.ace.AceDataset - wid found - 6e4d1259912ccddf821ab1c813d0cd0a2abc9d6185397f62de3a81af6f4fa637
16:14:35.482 INFO  org.agmip.ace.AceDataset - sid found - c4073c75ea85e59371c5d5db7de157abd6381a6c0a65f9cdcb5502416f6b2341
16:14:35.482 INFO  org.agmip.ace.AceDataset - wid found - 6e4d1259912ccddf821ab1c813d0cd0a2abc9d6185397f62de3a81af6f4fa637
16:14:35.482 INFO  org.agmip.ace.AceDataset - sid found - c4073c75ea85e59371c5d5db7de157abd6381a6c0a65f9cdcb5502416f6b2341
16:14:35.482 INFO  org.agmip.ace.AceDataset - wid found - 6e4d1259912ccddf821ab1c813d0cd0a2abc9d6185397f62de3a81af6f4fa637
16:14:35.482 INFO  org.agmip.ace.AceDataset - sid found - c4073c75ea85e59371c5d5db7de157abd6381a6c0a65f9cdcb5502416f6b2341
16:14:35.482 INFO  org.agmip.ace.AceDataset - wid found - 6e4d1259912ccddf821ab1c813d0cd0a2abc9d6185397f62de3a81af6f4fa637
16:14:35.482 INFO  org.agmip.ace.AceDataset - sid found - c4073c75ea85e59371c5d5db7de157abd6381a6c0a65f9cdcb5502416f6b2341
16:14:35.482 INFO  org.agmip.ace.AceDataset - wid found - 6e4d1259912ccddf821ab1c813d0cd0a2abc9d6185397f62de3a81af6f4fa637
16:14:35.482 INFO  org.agmip.ace.AceDataset - sid found - c4073c75ea85e59371c5d5db7de157abd6381a6c0a65f9cdcb5502416f6b2341
16:14:35.482 INFO  org.agmip.ace.AceDataset - wid found - 6e4d1259912ccddf821ab1c813d0cd0a2abc9d6185397f62de3a81af6f4fa637
16:14:35.482 INFO  org.agmip.ace.AceDataset - sid found - c4073c75ea85e59371c5d5db7de157abd6381a6c0a65f9cdcb5502416f6b2341
16:14:35.482 INFO  org.agmip.ace.AceDataset - wid found - 6e4d1259912ccddf821ab1c813d0cd0a2abc9d6185397f62de3a81af6f4fa637
16:14:35.482 INFO  org.agmip.ace.AceDataset - sid found - c4073c75ea85e59371c5d5db7de157abd6381a6c0a65f9cdcb5502416f6b2341
16:14:35.482 INFO  org.agmip.ace.AceDataset - wid found - 6e4d1259912ccddf821ab1c813d0cd0a2abc9d6185397f62de3a81af6f4fa637
16:14:35.482 INFO  org.agmip.ace.AceDataset - sid found - c4073c75ea85e59371c5d5db7de157abd6381a6c0a65f9cdcb5502416f6b2341
16:14:35.482 INFO  org.agmip.ace.AceDataset - wid found - 6e4d1259912ccddf821ab1c813d0cd0a2abc9d6185397f62de3a81af6f4fa637
16:14:35.483 INFO  org.agmip.ace.AceDataset - sid found - c4073c75ea85e59371c5d5db7de157abd6381a6c0a65f9cdcb5502416f6b2341
16:14:35.483 INFO  org.agmip.ace.AceDataset - wid found - 6e4d1259912ccddf821ab1c813d0cd0a2abc9d6185397f62de3a81af6f4fa637
16:14:35.483 INFO  org.agmip.ace.AceDataset - sid found - c4073c75ea85e59371c5d5db7de157abd6381a6c0a65f9cdcb5502416f6b2341
16:14:35.483 INFO  org.agmip.ace.AceDataset - wid found - 6e4d1259912ccddf821ab1c813d0cd0a2abc9d6185397f62de3a81af6f4fa637
16:14:35.483 INFO  org.agmip.ace.AceDataset - sid found - c4073c75ea85e59371c5d5db7de157abd6381a6c0a65f9cdcb5502416f6b2341
16:14:35.483 INFO  org.agmip.ace.AceDataset - wid found - 6e4d1259912ccddf821ab1c813d0cd0a2abc9d6185397f62de3a81af6f4fa637
16:14:35.483 INFO  org.agmip.ace.AceDataset - sid found - c4073c75ea85e59371c5d5db7de157abd6381a6c0a65f9cdcb5502416f6b2341
16:14:35.483 INFO  org.agmip.ace.AceDataset - wid found - 6e4d1259912ccddf821ab1c813d0cd0a2abc9d6185397f62de3a81af6f4fa637
16:14:35.483 INFO  org.agmip.ace.AceDataset - sid found - c4073c75ea85e59371c5d5db7de157abd6381a6c0a65f9cdcb5502416f6b2341
16:14:35.483 INFO  org.agmip.ace.AceDataset - wid found - 6e4d1259912ccddf821ab1c813d0cd0a2abc9d6185397f62de3a81af6f4fa637
16:14:35.483 INFO  org.agmip.ace.AceDataset - sid found - c4073c75ea85e59371c5d5db7de157abd6381a6c0a65f9cdcb5502416f6b2341
16:14:35.483 INFO  org.agmip.ace.AceDataset - wid found - 6e4d1259912ccddf821ab1c813d0cd0a2abc9d6185397f62de3a81af6f4fa637
16:14:35.483 INFO  org.agmip.ace.AceDataset - sid found - c4073c75ea85e59371c5d5db7de157abd6381a6c0a65f9cdcb5502416f6b2341
16:14:35.483 INFO  org.agmip.ace.AceDataset - wid found - 6e4d1259912ccddf821ab1c813d0cd0a2abc9d6185397f62de3a81af6f4fa637
16:14:35.483 INFO  org.agmip.ace.AceDataset - sid found - c4073c75ea85e59371c5d5db7de157abd6381a6c0a65f9cdcb5502416f6b2341
16:14:35.483 INFO  org.agmip.ace.AceDataset - wid found - 6e4d1259912ccddf821ab1c813d0cd0a2abc9d6185397f62de3a81af6f4fa637
16:14:35.483 INFO  org.agmip.ace.AceDataset - sid found - c4073c75ea85e59371c5d5db7de157abd6381a6c0a65f9cdcb5502416f6b2341
16:14:35.483 INFO  org.agmip.ace.AceDataset - wid found - 6e4d1259912ccddf821ab1c813d0cd0a2abc9d6185397f62de3a81af6f4fa637
16:14:35.483 INFO  org.agmip.ace.AceDataset - sid found - c4073c75ea85e59371c5d5db7de157abd6381a6c0a65f9cdcb5502416f6b2341
16:14:35.483 INFO  org.agmip.ace.AceDataset - wid found - 6e4d1259912ccddf821ab1c813d0cd0a2abc9d6185397f62de3a81af6f4fa637
16:14:35.483 INFO  org.agmip.ace.AceDataset - sid found - 677ee97ee90cf525b8b393dbe24c750c3a09aa9e034413bcac56be41a8075441
16:14:35.483 INFO  org.agmip.ace.AceDataset - wid found - 6e4d1259912ccddf821ab1c813d0cd0a2abc9d6185397f62de3a81af6f4fa637
16:14:35.483 INFO  org.agmip.ace.AceDataset - sid found - 677ee97ee90cf525b8b393dbe24c750c3a09aa9e034413bcac56be41a8075441
16:14:35.483 INFO  org.agmip.ace.AceDataset - wid found - 6e4d1259912ccddf821ab1c813d0cd0a2abc9d6185397f62de3a81af6f4fa637
16:14:35.483 INFO  org.agmip.ace.AceDataset - sid found - 677ee97ee90cf525b8b393dbe24c750c3a09aa9e034413bcac56be41a8075441
16:14:35.483 INFO  org.agmip.ace.AceDataset - wid found - 6e4d1259912ccddf821ab1c813d0cd0a2abc9d6185397f62de3a81af6f4fa637
16:14:35.483 INFO  org.agmip.ace.AceDataset - sid found - 677ee97ee90cf525b8b393dbe24c750c3a09aa9e034413bcac56be41a8075441
16:14:35.483 INFO  org.agmip.ace.AceDataset - wid found - 6e4d1259912ccddf821ab1c813d0cd0a2abc9d6185397f62de3a81af6f4fa637
16:14:35.483 INFO  org.agmip.ace.AceDataset - sid found - 677ee97ee90cf525b8b393dbe24c750c3a09aa9e034413bcac56be41a8075441
16:14:35.484 INFO  org.agmip.ace.AceDataset - wid found - 6e4d1259912ccddf821ab1c813d0cd0a2abc9d6185397f62de3a81af6f4fa637
16:14:35.484 INFO  org.agmip.ace.AceDataset - sid found - 677ee97ee90cf525b8b393dbe24c750c3a09aa9e034413bcac56be41a8075441
16:14:35.484 INFO  org.agmip.ace.AceDataset - wid found - 6e4d1259912ccddf821ab1c813d0cd0a2abc9d6185397f62de3a81af6f4fa637
16:14:35.484 INFO  org.agmip.ace.AceDataset - sid found - 677ee97ee90cf525b8b393dbe24c750c3a09aa9e034413bcac56be41a8075441
16:14:35.484 INFO  org.agmip.ace.AceDataset - wid found - 6e4d1259912ccddf821ab1c813d0cd0a2abc9d6185397f62de3a81af6f4fa637
16:14:35.484 INFO  org.agmip.ace.AceDataset - sid found - 677ee97ee90cf525b8b393dbe24c750c3a09aa9e034413bcac56be41a8075441
16:14:35.484 INFO  org.agmip.ace.AceDataset - wid found - 6e4d1259912ccddf821ab1c813d0cd0a2abc9d6185397f62de3a81af6f4fa637
16:14:35.484 INFO  org.agmip.ace.AceDataset - sid found - 677ee97ee90cf525b8b393dbe24c750c3a09aa9e034413bcac56be41a8075441
16:14:35.484 INFO  org.agmip.ace.AceDataset - wid found - 6e4d1259912ccddf821ab1c813d0cd0a2abc9d6185397f62de3a81af6f4fa637
16:14:35.484 INFO  org.agmip.ace.AceDataset - sid found - 677ee97ee90cf525b8b393dbe24c750c3a09aa9e034413bcac56be41a8075441
16:14:35.484 INFO  org.agmip.ace.AceDataset - wid found - 6e4d1259912ccddf821ab1c813d0cd0a2abc9d6185397f62de3a81af6f4fa637
16:14:35.484 INFO  org.agmip.ace.AceDataset - sid found - 677ee97ee90cf525b8b393dbe24c750c3a09aa9e034413bcac56be41a8075441
16:14:35.484 INFO  org.agmip.ace.AceDataset - wid found - 6e4d1259912ccddf821ab1c813d0cd0a2abc9d6185397f62de3a81af6f4fa637
16:14:35.484 INFO  org.agmip.ace.AceDataset - sid found - 677ee97ee90cf525b8b393dbe24c750c3a09aa9e034413bcac56be41a8075441
16:14:35.484 INFO  org.agmip.ace.AceDataset - wid found - 6e4d1259912ccddf821ab1c813d0cd0a2abc9d6185397f62de3a81af6f4fa637
16:14:35.484 INFO  org.agmip.ace.AceDataset - sid found - 677ee97ee90cf525b8b393dbe24c750c3a09aa9e034413bcac56be41a8075441
16:14:35.484 INFO  org.agmip.ace.AceDataset - wid found - 6e4d1259912ccddf821ab1c813d0cd0a2abc9d6185397f62de3a81af6f4fa637
16:14:35.484 INFO  org.agmip.ace.AceDataset - sid found - 677ee97ee90cf525b8b393dbe24c750c3a09aa9e034413bcac56be41a8075441
16:14:35.484 INFO  org.agmip.ace.AceDataset - wid found - 6e4d1259912ccddf821ab1c813d0cd0a2abc9d6185397f62de3a81af6f4fa637
16:14:35.484 INFO  org.agmip.ace.AceDataset - sid found - 677ee97ee90cf525b8b393dbe24c750c3a09aa9e034413bcac56be41a8075441
16:14:35.484 INFO  org.agmip.ace.AceDataset - wid found - 6e4d1259912ccddf821ab1c813d0cd0a2abc9d6185397f62de3a81af6f4fa637
16:14:35.484 INFO  org.agmip.ace.AceDataset - sid found - 677ee97ee90cf525b8b393dbe24c750c3a09aa9e034413bcac56be41a8075441
16:14:35.484 INFO  org.agmip.ace.AceDataset - wid found - 6e4d1259912ccddf821ab1c813d0cd0a2abc9d6185397f62de3a81af6f4fa637
16:14:35.484 INFO  org.agmip.ace.AceDataset - sid found - 677ee97ee90cf525b8b393dbe24c750c3a09aa9e034413bcac56be41a8075441
16:14:35.484 INFO  org.agmip.ace.AceDataset - wid found - 6e4d1259912ccddf821ab1c813d0cd0a2abc9d6185397f62de3a81af6f4fa637
16:14:35.484 INFO  org.agmip.ace.AceDataset - sid found - 677ee97ee90cf525b8b393dbe24c750c3a09aa9e034413bcac56be41a8075441
16:14:35.484 INFO  org.agmip.ace.AceDataset - wid found - 6e4d1259912ccddf821ab1c813d0cd0a2abc9d6185397f62de3a81af6f4fa637
16:14:35.484 INFO  org.agmip.ace.AceDataset - sid found - 677ee97ee90cf525b8b393dbe24c750c3a09aa9e034413bcac56be41a8075441
16:14:35.484 INFO  org.agmip.ace.AceDataset - wid found - 6e4d1259912ccddf821ab1c813d0cd0a2abc9d6185397f62de3a81af6f4fa637
16:14:35.484 INFO  org.agmip.ace.AceDataset - sid found - 677ee97ee90cf525b8b393dbe24c750c3a09aa9e034413bcac56be41a8075441
16:14:35.485 INFO  org.agmip.ace.AceDataset - wid found - 6e4d1259912ccddf821ab1c813d0cd0a2abc9d6185397f62de3a81af6f4fa637
16:14:35.485 INFO  org.agmip.ace.AceDataset - sid found - 677ee97ee90cf525b8b393dbe24c750c3a09aa9e034413bcac56be41a8075441
16:14:35.485 INFO  org.agmip.ace.AceDataset - wid found - 6e4d1259912ccddf821ab1c813d0cd0a2abc9d6185397f62de3a81af6f4fa637
16:14:35.485 INFO  org.agmip.ace.AceDataset - sid found - 677ee97ee90cf525b8b393dbe24c750c3a09aa9e034413bcac56be41a8075441
16:14:35.485 INFO  org.agmip.ace.AceDataset - wid found - 6e4d1259912ccddf821ab1c813d0cd0a2abc9d6185397f62de3a81af6f4fa637
16:14:35.485 INFO  org.agmip.ace.AceDataset - sid found - 677ee97ee90cf525b8b393dbe24c750c3a09aa9e034413bcac56be41a8075441
16:14:35.485 INFO  org.agmip.ace.AceDataset - wid found - 6e4d1259912ccddf821ab1c813d0cd0a2abc9d6185397f62de3a81af6f4fa637
16:14:35.485 INFO  org.agmip.ace.AceDataset - sid found - 677ee97ee90cf525b8b393dbe24c750c3a09aa9e034413bcac56be41a8075441
16:14:35.485 INFO  org.agmip.ace.AceDataset - wid found - 6e4d1259912ccddf821ab1c813d0cd0a2abc9d6185397f62de3a81af6f4fa637
16:14:35.485 INFO  org.agmip.ace.AceDataset - sid found - 677ee97ee90cf525b8b393dbe24c750c3a09aa9e034413bcac56be41a8075441
16:14:35.485 INFO  org.agmip.ace.AceDataset - wid found - 6e4d1259912ccddf821ab1c813d0cd0a2abc9d6185397f62de3a81af6f4fa637
16:14:35.485 INFO  org.agmip.ace.AceDataset - sid found - 677ee97ee90cf525b8b393dbe24c750c3a09aa9e034413bcac56be41a8075441
16:14:35.485 INFO  org.agmip.ace.AceDataset - wid found - 6e4d1259912ccddf821ab1c813d0cd0a2abc9d6185397f62de3a81af6f4fa637
16:14:35.485 INFO  org.agmip.ace.AceDataset - sid found - 677ee97ee90cf525b8b393dbe24c750c3a09aa9e034413bcac56be41a8075441
16:14:35.485 INFO  org.agmip.ace.AceDataset - wid found - 6e4d1259912ccddf821ab1c813d0cd0a2abc9d6185397f62de3a81af6f4fa637
16:14:35.485 INFO  org.agmip.ace.AceDataset - sid found - 677ee97ee90cf525b8b393dbe24c750c3a09aa9e034413bcac56be41a8075441
16:14:35.485 INFO  org.agmip.ace.AceDataset - wid found - 6e4d1259912ccddf821ab1c813d0cd0a2abc9d6185397f62de3a81af6f4fa637
16:14:35.485 INFO  org.agmip.ace.AceDataset - sid found - 677ee97ee90cf525b8b393dbe24c750c3a09aa9e034413bcac56be41a8075441
16:14:35.485 INFO  org.agmip.ace.AceDataset - wid found - 6e4d1259912ccddf821ab1c813d0cd0a2abc9d6185397f62de3a81af6f4fa637
16:14:35.485 INFO  org.agmip.ace.AceDataset - sid found - 677ee97ee90cf525b8b393dbe24c750c3a09aa9e034413bcac56be41a8075441
16:14:35.485 INFO  org.agmip.ace.AceDataset - wid found - 6e4d1259912ccddf821ab1c813d0cd0a2abc9d6185397f62de3a81af6f4fa637
16:14:35.485 INFO  org.agmip.ace.AceDataset - sid found - 677ee97ee90cf525b8b393dbe24c750c3a09aa9e034413bcac56be41a8075441
16:14:35.485 INFO  org.agmip.ace.AceDataset - wid found - 6e4d1259912ccddf821ab1c813d0cd0a2abc9d6185397f62de3a81af6f4fa637
16:14:35.485 INFO  org.agmip.ace.AceDataset - sid found - 677ee97ee90cf525b8b393dbe24c750c3a09aa9e034413bcac56be41a8075441
16:14:35.485 INFO  org.agmip.ace.AceDataset - wid found - 6e4d1259912ccddf821ab1c813d0cd0a2abc9d6185397f62de3a81af6f4fa637
16:14:35.485 INFO  org.agmip.ace.AceDataset - sid found - 677ee97ee90cf525b8b393dbe24c750c3a09aa9e034413bcac56be41a8075441
16:14:35.485 INFO  org.agmip.ace.AceDataset - wid found - 6e4d1259912ccddf821ab1c813d0cd0a2abc9d6185397f62de3a81af6f4fa637
16:14:35.485 INFO  org.agmip.ace.AceDataset - sid found - e196715531f4f34c3b605dcd728e2ec5a1c3be8e03b2cd948717b88986e13b0e
16:14:35.485 INFO  org.agmip.ace.AceDataset - wid found - 6e4d1259912ccddf821ab1c813d0cd0a2abc9d6185397f62de3a81af6f4fa637
16:14:35.485 INFO  org.agmip.ace.AceDataset - sid found - e196715531f4f34c3b605dcd728e2ec5a1c3be8e03b2cd948717b88986e13b0e
16:14:35.485 INFO  org.agmip.ace.AceDataset - wid found - 6e4d1259912ccddf821ab1c813d0cd0a2abc9d6185397f62de3a81af6f4fa637
16:14:35.485 INFO  org.agmip.ace.AceDataset - sid found - e196715531f4f34c3b605dcd728e2ec5a1c3be8e03b2cd948717b88986e13b0e
16:14:35.486 INFO  org.agmip.ace.AceDataset - wid found - 6e4d1259912ccddf821ab1c813d0cd0a2abc9d6185397f62de3a81af6f4fa637
16:14:35.486 INFO  org.agmip.ace.AceDataset - sid found - e196715531f4f34c3b605dcd728e2ec5a1c3be8e03b2cd948717b88986e13b0e
16:14:35.486 INFO  org.agmip.ace.AceDataset - wid found - 6e4d1259912ccddf821ab1c813d0cd0a2abc9d6185397f62de3a81af6f4fa637
16:14:35.486 INFO  org.agmip.ace.AceDataset - sid found - e196715531f4f34c3b605dcd728e2ec5a1c3be8e03b2cd948717b88986e13b0e
16:14:35.486 INFO  org.agmip.ace.AceDataset - wid found - 6e4d1259912ccddf821ab1c813d0cd0a2abc9d6185397f62de3a81af6f4fa637
16:14:35.486 INFO  org.agmip.ace.AceDataset - sid found - e196715531f4f34c3b605dcd728e2ec5a1c3be8e03b2cd948717b88986e13b0e
16:14:35.486 INFO  org.agmip.ace.AceDataset - wid found - 6e4d1259912ccddf821ab1c813d0cd0a2abc9d6185397f62de3a81af6f4fa637
16:14:35.486 INFO  org.agmip.ace.AceDataset - sid found - e196715531f4f34c3b605dcd728e2ec5a1c3be8e03b2cd948717b88986e13b0e
16:14:35.486 INFO  org.agmip.ace.AceDataset - wid found - 6e4d1259912ccddf821ab1c813d0cd0a2abc9d6185397f62de3a81af6f4fa637
16:14:35.486 INFO  org.agmip.ace.AceDataset - sid found - e196715531f4f34c3b605dcd728e2ec5a1c3be8e03b2cd948717b88986e13b0e
16:14:35.486 INFO  org.agmip.ace.AceDataset - wid found - 6e4d1259912ccddf821ab1c813d0cd0a2abc9d6185397f62de3a81af6f4fa637
16:14:35.486 INFO  org.agmip.ace.AceDataset - sid found - e196715531f4f34c3b605dcd728e2ec5a1c3be8e03b2cd948717b88986e13b0e
16:14:35.486 INFO  org.agmip.ace.AceDataset - wid found - 6e4d1259912ccddf821ab1c813d0cd0a2abc9d6185397f62de3a81af6f4fa637
16:14:35.486 INFO  org.agmip.ace.AceDataset - sid found - e196715531f4f34c3b605dcd728e2ec5a1c3be8e03b2cd948717b88986e13b0e
16:14:35.486 INFO  org.agmip.ace.AceDataset - wid found - 6e4d1259912ccddf821ab1c813d0cd0a2abc9d6185397f62de3a81af6f4fa637
16:14:35.486 INFO  org.agmip.ace.AceDataset - sid found - e196715531f4f34c3b605dcd728e2ec5a1c3be8e03b2cd948717b88986e13b0e
16:14:35.486 INFO  org.agmip.ace.AceDataset - wid found - 6e4d1259912ccddf821ab1c813d0cd0a2abc9d6185397f62de3a81af6f4fa637
16:14:35.486 INFO  org.agmip.ace.AceDataset - sid found - e196715531f4f34c3b605dcd728e2ec5a1c3be8e03b2cd948717b88986e13b0e
16:14:35.486 INFO  org.agmip.ace.AceDataset - wid found - 6e4d1259912ccddf821ab1c813d0cd0a2abc9d6185397f62de3a81af6f4fa637
16:14:35.486 INFO  org.agmip.ace.AceDataset - sid found - e196715531f4f34c3b605dcd728e2ec5a1c3be8e03b2cd948717b88986e13b0e
16:14:35.486 INFO  org.agmip.ace.AceDataset - wid found - 6e4d1259912ccddf821ab1c813d0cd0a2abc9d6185397f62de3a81af6f4fa637
16:14:35.486 INFO  org.agmip.ace.AceDataset - sid found - e196715531f4f34c3b605dcd728e2ec5a1c3be8e03b2cd948717b88986e13b0e
16:14:35.486 INFO  org.agmip.ace.AceDataset - wid found - 6e4d1259912ccddf821ab1c813d0cd0a2abc9d6185397f62de3a81af6f4fa637
16:14:35.486 INFO  org.agmip.ace.AceDataset - sid found - e196715531f4f34c3b605dcd728e2ec5a1c3be8e03b2cd948717b88986e13b0e
16:14:35.486 INFO  org.agmip.ace.AceDataset - wid found - 6e4d1259912ccddf821ab1c813d0cd0a2abc9d6185397f62de3a81af6f4fa637
16:14:35.486 INFO  org.agmip.ace.AceDataset - sid found - e196715531f4f34c3b605dcd728e2ec5a1c3be8e03b2cd948717b88986e13b0e
16:14:35.486 INFO  org.agmip.ace.AceDataset - wid found - 6e4d1259912ccddf821ab1c813d0cd0a2abc9d6185397f62de3a81af6f4fa637
16:14:35.486 INFO  org.agmip.ace.AceDataset - sid found - e196715531f4f34c3b605dcd728e2ec5a1c3be8e03b2cd948717b88986e13b0e
16:14:35.486 INFO  org.agmip.ace.AceDataset - wid found - 6e4d1259912ccddf821ab1c813d0cd0a2abc9d6185397f62de3a81af6f4fa637
16:14:35.486 INFO  org.agmip.ace.AceDataset - sid found - e196715531f4f34c3b605dcd728e2ec5a1c3be8e03b2cd948717b88986e13b0e
16:14:35.486 INFO  org.agmip.ace.AceDataset - wid found - 6e4d1259912ccddf821ab1c813d0cd0a2abc9d6185397f62de3a81af6f4fa637
16:14:35.488 INFO  org.agmip.ace.AceDataset - sid found - e196715531f4f34c3b605dcd728e2ec5a1c3be8e03b2cd948717b88986e13b0e
16:14:35.488 INFO  org.agmip.ace.AceDataset - wid found - 6e4d1259912ccddf821ab1c813d0cd0a2abc9d6185397f62de3a81af6f4fa637
16:14:35.488 INFO  org.agmip.ace.AceDataset - sid found - e196715531f4f34c3b605dcd728e2ec5a1c3be8e03b2cd948717b88986e13b0e
16:14:35.488 INFO  org.agmip.ace.AceDataset - wid found - 6e4d1259912ccddf821ab1c813d0cd0a2abc9d6185397f62de3a81af6f4fa637
16:14:35.488 INFO  org.agmip.ace.AceDataset - sid found - e196715531f4f34c3b605dcd728e2ec5a1c3be8e03b2cd948717b88986e13b0e
16:14:35.488 INFO  org.agmip.ace.AceDataset - wid found - 6e4d1259912ccddf821ab1c813d0cd0a2abc9d6185397f62de3a81af6f4fa637
16:14:35.488 INFO  org.agmip.ace.AceDataset - sid found - e196715531f4f34c3b605dcd728e2ec5a1c3be8e03b2cd948717b88986e13b0e
16:14:35.488 INFO  org.agmip.ace.AceDataset - wid found - 6e4d1259912ccddf821ab1c813d0cd0a2abc9d6185397f62de3a81af6f4fa637
16:14:35.488 INFO  org.agmip.ace.AceDataset - sid found - e196715531f4f34c3b605dcd728e2ec5a1c3be8e03b2cd948717b88986e13b0e
16:14:35.488 INFO  org.agmip.ace.AceDataset - wid found - 6e4d1259912ccddf821ab1c813d0cd0a2abc9d6185397f62de3a81af6f4fa637
16:14:35.488 INFO  org.agmip.ace.AceDataset - sid found - e196715531f4f34c3b605dcd728e2ec5a1c3be8e03b2cd948717b88986e13b0e
16:14:35.488 INFO  org.agmip.ace.AceDataset - wid found - 6e4d1259912ccddf821ab1c813d0cd0a2abc9d6185397f62de3a81af6f4fa637
16:14:35.488 INFO  org.agmip.ace.AceDataset - sid found - e196715531f4f34c3b605dcd728e2ec5a1c3be8e03b2cd948717b88986e13b0e
16:14:35.488 INFO  org.agmip.ace.AceDataset - wid found - 6e4d1259912ccddf821ab1c813d0cd0a2abc9d6185397f62de3a81af6f4fa637
16:14:35.488 INFO  org.agmip.ace.AceDataset - sid found - e196715531f4f34c3b605dcd728e2ec5a1c3be8e03b2cd948717b88986e13b0e
16:14:35.488 INFO  org.agmip.ace.AceDataset - wid found - 6e4d1259912ccddf821ab1c813d0cd0a2abc9d6185397f62de3a81af6f4fa637
16:14:35.488 INFO  org.agmip.ace.AceDataset - sid found - e196715531f4f34c3b605dcd728e2ec5a1c3be8e03b2cd948717b88986e13b0e
16:14:35.488 INFO  org.agmip.ace.AceDataset - wid found - 6e4d1259912ccddf821ab1c813d0cd0a2abc9d6185397f62de3a81af6f4fa637
16:14:35.488 INFO  org.agmip.ace.AceDataset - sid found - e196715531f4f34c3b605dcd728e2ec5a1c3be8e03b2cd948717b88986e13b0e
16:14:35.678 INFO  org.agmip.ui.aceb2csv.App - Translating the data...
16:14:35.799 INFO  org.agmip.ui.aceb2csv.App - Job done!
